[7452:2560:1002/130904.587:INFO:CONSOLE(0)] "Slow network is detected. See https://www.chromestatus.com/feature/5636954674692096 for more details. Fallback font will be used while loading: chrome://resources/roboto/roboto-regular.woff2", source: chrome://new-tab-page/ (0)
[7452:4480:1002/130907.173:ERROR:chrome_browser_main_extra_parts_metrics.cc(228)] crbug.com/1216328: Checking Bluetooth availability started. Please report if there is no report that this ends.
[7452:2560:1002/130907.219:ERROR:device_event_log_impl.cc(214)] [13:09:07.218] Bluetooth: bluetooth_adapter_winrt.cc:1073 Getting Default Adapter failed.
[7452:2560:1002/130907.283:ERROR:device_event_log_impl.cc(214)] [13:09:07.282] USB: usb_device_handle_win.cc:1048 Failed to read descriptor from node connection: A device attached to the system is not functioning. (0x1F)
[7452:4480:1002/130907.223:ERROR:chrome_browser_main_extra_parts_metrics.cc(231)] crbug.com/1216328: Checking Bluetooth availability ended.
[7452:4480:1002/130907.311:ERROR:chrome_browser_main_extra_parts_metrics.cc(234)] crbug.com/1216328: Checking default browser status started. Please report if there is no report that this ends.
[7452:4480:1002/130907.475:ERROR:chrome_browser_main_extra_parts_metrics.cc(238)] crbug.com/1216328: Checking default browser status ended.
[7452:2560:1002/130959.417:INFO:CONSOLE(33)] "You like to look under the hood? Why not help us build the engine? https://soundcloud.com/jobs", source: https://a-v2.sndcdn.com/assets/48-4c60b77e.js (33)
[7452:2560:1002/131003.268:INFO:CONSOLE(1)] "console.groupEnd", source: https://s.pwt.soundcloud.com/2/2.30.0/main.js (1)
[7452:2560:1002/131003.268:INFO:CONSOLE(1)] "console.groupEnd", source: https://s.pwt.soundcloud.com/2/2.30.0/main.js (1)
[7452:2560:1002/131003.268:INFO:CONSOLE(1)] "console.groupEnd", source: https://s.pwt.soundcloud.com/2/2.30.0/main.js (1)
[7452:2560:1002/131003.268:INFO:CONSOLE(1)] "console.groupEnd", source: https://s.pwt.soundcloud.com/2/2.30.0/main.js (1)
[7452:2560:1002/131003.269:INFO:CONSOLE(1)] "console.groupEnd", source: https://s.pwt.soundcloud.com/2/2.30.0/main.js (1)
[7452:2560:1002/131003.269:INFO:CONSOLE(1)] "console.groupEnd", source: https://s.pwt.soundcloud.com/2/2.30.0/main.js (1)
[7452:2560:1002/131003.269:INFO:CONSOLE(1)] "console.groupEnd", source: https://s.pwt.soundcloud.com/2/2.30.0/main.js (1)
[7452:2560:1002/131003.269:INFO:CONSOLE(1)] "console.groupEnd", source: https://s.pwt.soundcloud.com/2/2.30.0/main.js (1)
[7452:2560:1002/131003.269:INFO:CONSOLE(1)] "console.groupEnd", source: https://s.pwt.soundcloud.com/2/2.30.0/main.js (1)
[7452:2560:1002/131003.270:INFO:CONSOLE(1)] "console.groupEnd", source: https://s.pwt.soundcloud.com/2/2.30.0/main.js (1)
[7452:2560:1002/131003.270:INFO:CONSOLE(1)] "console.groupEnd", source: https://s.pwt.soundcloud.com/2/2.30.0/main.js (1)
[7452:2560:1002/131003.270:INFO:CONSOLE(1)] "console.groupEnd", source: https://s.pwt.soundcloud.com/2/2.30.0/main.js (1)
[7452:2560:1002/131003.270:INFO:CONSOLE(1)] "console.groupEnd", source: https://s.pwt.soundcloud.com/2/2.30.0/main.js (1)
[7452:2560:1002/131003.271:INFO:CONSOLE(1)] "console.groupEnd", source: https://s.pwt.soundcloud.com/2/2.30.0/main.js (1)
[7452:2560:1002/131003.271:INFO:CONSOLE(1)] "console.groupEnd", source: https://s.pwt.soundcloud.com/2/2.30.0/main.js (1)
[7452:2560:1002/131003.271:INFO:CONSOLE(1)] "console.groupEnd", source: https://s.pwt.soundcloud.com/2/2.30.0/main.js (1)
[7452:2560:1002/131003.272:INFO:CONSOLE(1)] "console.groupEnd", source: https://s.pwt.soundcloud.com/2/2.30.0/main.js (1)
[7452:2560:1002/131003.272:INFO:CONSOLE(1)] "console.groupEnd", source: https://s.pwt.soundcloud.com/2/2.30.0/main.js (1)
[7452:2560:1002/131003.272:INFO:CONSOLE(1)] "console.groupEnd", source: https://s.pwt.soundcloud.com/2/2.30.0/main.js (1)
[7452:2560:1002/131003.272:INFO:CONSOLE(1)] "console.groupEnd", source: https://s.pwt.soundcloud.com/2/2.30.0/main.js (1)
[7452:2560:1002/131003.272:INFO:CONSOLE(1)] "console.groupEnd", source: https://s.pwt.soundcloud.com/2/2.30.0/main.js (1)
[7452:2560:1002/131003.273:INFO:CONSOLE(1)] "console.groupEnd", source: https://s.pwt.soundcloud.com/2/2.30.0/main.js (1)
[7452:2560:1002/131003.273:INFO:CONSOLE(1)] "console.groupEnd", source: https://s.pwt.soundcloud.com/2/2.30.0/main.js (1)
[7452:2560:1002/131003.273:INFO:CONSOLE(1)] "console.groupEnd", source: https://s.pwt.soundcloud.com/2/2.30.0/main.js (1)
[7452:2560:1002/131003.273:INFO:CONSOLE(1)] "console.groupEnd", source: https://s.pwt.soundcloud.com/2/2.30.0/main.js (1)
[7452:2560:1002/131003.273:INFO:CONSOLE(1)] "console.groupEnd", source: https://s.pwt.soundcloud.com/2/2.30.0/main.js (1)
[7452:2560:1002/131003.274:INFO:CONSOLE(1)] "console.groupEnd", source: https://s.pwt.soundcloud.com/2/2.30.0/main.js (1)
[7452:2560:1002/131003.274:INFO:CONSOLE(1)] "console.groupEnd", source: https://s.pwt.soundcloud.com/2/2.30.0/main.js (1)
[7452:2560:1002/131003.274:INFO:CONSOLE(1)] "console.groupEnd", source: https://s.pwt.soundcloud.com/2/2.30.0/main.js (1)
[7452:2560:1002/131003.274:INFO:CONSOLE(1)] "console.groupEnd", source: https://s.pwt.soundcloud.com/2/2.30.0/main.js (1)
[7452:2560:1002/131003.274:INFO:CONSOLE(1)] "console.groupEnd", source: https://s.pwt.soundcloud.com/2/2.30.0/main.js (1)
[7452:2560:1002/131003.274:INFO:CONSOLE(1)] "console.groupEnd", source: https://s.pwt.soundcloud.com/2/2.30.0/main.js (1)
[7452:2560:1002/131003.274:INFO:CONSOLE(1)] "console.groupEnd", source: https://s.pwt.soundcloud.com/2/2.30.0/main.js (1)
[7452:2560:1002/131003.275:INFO:CONSOLE(1)] "console.groupEnd", source: https://s.pwt.soundcloud.com/2/2.30.0/main.js (1)
[7452:2560:1002/131003.275:INFO:CONSOLE(1)] "console.groupEnd", source: https://s.pwt.soundcloud.com/2/2.30.0/main.js (1)
[7452:2560:1002/131003.275:INFO:CONSOLE(1)] "console.groupEnd", source: https://s.pwt.soundcloud.com/2/2.30.0/main.js (1)
[7452:2560:1002/131003.275:INFO:CONSOLE(1)] "console.groupEnd", source: https://s.pwt.soundcloud.com/2/2.30.0/main.js (1)
[7452:2560:1002/131003.275:INFO:CONSOLE(1)] "console.groupEnd", source: https://s.pwt.soundcloud.com/2/2.30.0/main.js (1)
[7452:2560:1002/131003.275:INFO:CONSOLE(1)] "console.groupEnd", source: https://s.pwt.soundcloud.com/2/2.30.0/main.js (1)
[7452:2560:1002/131019.556:INFO:CONSOLE(0)] "The FetchEvent for "https://analytics.twitter.com/i/adsct?type=javascript&version=2.0.4&p_id=Twitter&p_user_id=0&txn_id=nufo8&events=%5B%5B%22pageview%22%2Cnull%5D%5D&tw_sale_amount=0&tw_order_quantity=0&tw_iframe_status=0&event_id=bb9ad9ff-3e2b-48ea-ab47-d47673a5537e&tw_document_href=https%3A%2F%2Fsoundcloud.com%2Fsearch%2Fsounds%3Fq%3Dmozart&tpx_cb=twttr.conversion.loadPixels" resulted in a network error response: an object that was not a Response was passed to respondWith().", source:  (0)
[7452:2560:1002/131041.736:INFO:CONSOLE(70)] "[Facebook Pixel] - Duplicate Pixel ID: 902235693180960.", source: https://a-v2.sndcdn.com/assets/48-4c60b77e.js (70)
[7452:2560:1002/131041.739:INFO:CONSOLE(70)] "[Facebook Pixel] - You are sending a non-standard event 'trackCustom'. The preferred way to send these events is using trackCustom. See 'https://developers.facebook.com/docs/ads-for-websites/pixel-events/#events' for more information.", source: https://a-v2.sndcdn.com/assets/48-4c60b77e.js (70)
[7452:2560:1002/131059.984:INFO:CONSOLE(0)] "The FetchEvent for "https://platform.twitter.com/oct.js" resulted in a network error response: an object that was not a Response was passed to respondWith().", source:  (0)
[7452:2560:1002/131108.384:WARNING:pref_notifier_impl.cc(40)] Pref observer for media_router.cast_allow_all_ips found at shutdown.
